<?xml version="1.0" encoding="UTF-8"?>
<testsuite name="LP_SDET_Batch1_API_Project.Create Call and Delete Customer" tests="11" failures="0" errors="0" time="156.913"><properties>
[...]
</properties><testcase name="Create Call and Delete Customer with Property Expansion and Transfer" time="35.163"/><testcase name="Create Call and Delete Customer with Property Expansion" time="10.424"/><testcase name="Create Call and Delete Customer with Script" time="11.764"/><testcase name="Create Call and Delete Customer with Groovy Script" time="8.266"/><testcase name="Create Call and Delete Customer with Property Expansion" time="11.132"/><testcase name="Create Call and Delete Customer with Script" time="12.525"/><testcase name="System Testing" time="23.825"/><testcase name="Create Call and Delete Customer with Script" time="10.523"/><testcase name="Data Driven Testing" time="10.916"/><testcase name="Create Call and Delete Customer with Script" time="10.972"/><testcase name="DataBase Testing" time="11.403"/></testsuite>